2022-10-27 17:09:56 INFO  main [statistics.cpp:142] Statistics:
------------------------------------------------------------
 * Loaded plugins :
    -  plugins/box.so [Box filter]
    -  plugins/cube.so [Cube intersection primitive]
    -  plugins/diffuse.so [Smooth diffuse BRDF]
    -  plugins/independent.so [Independent sampler]
    -  plugins/instance.so [Instanced geometry]
    -  plugins/mfilm.so [MATLAB / Mathematica / NumPy film]
    -  plugins/perspective.so [Perspective camera]
    -  plugins/point.so [Point emitter]
    -  plugins/rectangle.so [Rectangle intersection primitive]
    -  plugins/shapegroup.so [Grouped geometry for instancing]
    -  plugins/tofanalyticpath.so [ToF analytic path tracer]
    -  plugins/twosided.so [Two-sided BRDF adapter]

  * General :
    -  Normal rays traced : 50.332 M
    -  Shadow rays traced : 16.777 M

  * ToFPath tracer :
    -  Average path length : 1.75 (29.35 M / 16.78 M)
------------------------------------------------------------
